\BOOKMARK [1][-]{section.1}{Ziel und Versuchsprinzip}{}% 1
\BOOKMARK [1][-]{section.2}{Theoretische Grundlagen}{}% 2
\BOOKMARK [2][-]{subsection.2.1}{Gitterdefekte}{section.2}% 3
\BOOKMARK [3][-]{subsubsection.2.1.1}{Stufenversetzungen}{subsection.2.1}% 4
\BOOKMARK [3][-]{subsubsection.2.1.2}{Klein-und Gro\337winkelkorngrenzen}{subsection.2.1}% 5
\BOOKMARK [2][-]{subsection.2.2}{Erster Versuchsteil: Silizium}{section.2}% 6
\BOOKMARK [2][-]{subsection.2.3}{Zweiter Versuchsteil: Stahl und Messing}{section.2}% 7
\BOOKMARK [3][-]{subsubsection.2.3.1}{Stahl}{subsection.2.3}% 8
\BOOKMARK [3][-]{subsubsection.2.3.2}{Messing}{subsection.2.3}% 9
\BOOKMARK [1][-]{section.3}{Durchf\374hrung}{}% 10
\BOOKMARK [2][-]{subsection.3.1}{Erster Teilversuch: Silizium}{section.3}% 11
\BOOKMARK [2][-]{subsection.3.2}{Zweiter Teilversuch: Stahl und Messing}{section.3}% 12
\BOOKMARK [1][-]{section.4}{Auswertung}{}% 13
\BOOKMARK [2][-]{subsection.4.1}{Zur verwendeten Methode}{section.4}% 14
\BOOKMARK [2][-]{subsection.4.2}{Silizium}{section.4}% 15
\BOOKMARK [2][-]{subsection.4.3}{Kohlenstoffanteil im Stahl}{section.4}% 16
\BOOKMARK [3][-]{subsubsection.4.3.1}{Erster \304tzschritt}{subsection.4.3}% 17
\BOOKMARK [3][-]{subsubsection.4.3.2}{Zweiter \304tzschritt}{subsection.4.3}% 18
\BOOKMARK [2][-]{subsection.4.4}{Anteil vom Zink im Messing}{section.4}% 19
\BOOKMARK [3][-]{subsubsection.4.4.1}{Erster \304tzschritt}{subsection.4.4}% 20
\BOOKMARK [3][-]{subsubsection.4.4.2}{Zweiter \304tzschritt}{subsection.4.4}% 21
\BOOKMARK [2][-]{subsection.4.5}{Ergebnisse}{section.4}% 22
\BOOKMARK [1][-]{section.5}{Anhang}{}% 23
\BOOKMARK [2][-]{subsection.5.1}{Zur Berechnung der Dichten von - und -Messing}{section.5}% 24
